2024-05-30 15:33:53,385 - WARNING - Новый запрос от пользователя: 783897764 Запрос: Шршиищщи
2024-05-30 15:33:53,385 - WARNING - Ответ GPT: Извините, но я не понял ваш запрос. Могу ли я помочь вам с вопросами, связанными с массажной терапией и здоровьем? Пожалуйста, уточните ваш вопрос.
2024-05-30 15:53:19,918 - WARNING - Новый запрос от пользователя: 783897764 Запрос: Привет
2024-05-30 15:53:19,919 - WARNING - Ответ GPT: Здравствуйте! Как я могу вам помочь сегодня?
2024-05-30 15:53:19,919 - WARNING - Пользователь 783897764 сделал 1 запрос(ов).
2024-05-30 15:53:53,362 - WARNING - Новый запрос от пользователя: 783897764 Запрос: Напиши калькутор на python
2024-05-30 15:53:53,363 - ERROR - Ответ GPT: Данной информации нет в нашей базе знаний, но есть ответ в интернете. 

Тем не менее, я могу помочь вам написать простой калькулятор на Python. Вот пример кода для базового калькулятора, который может выполнять операции сложения, вычитания, умножения и деления:

```python
def add(x, y):
    return x + y

def subtract(x, y):
    return x - y

def multiply(x, y):
    return x * y

def divide(x, y):
    if y == 0:
        return "Error! Division by zero."
    return x / y

def calculator():
    print("Select operation:")
    print("1. Add")
    print("2. Subtract")
    print("3. Multiply")
    print("4. Divide")

    while True:
        choice = input("Enter choice(1/2/3/4): ")

        if choice in ['1', '2', '3', '4']:
            num1 = float(input("Enter first number: "))
            num2 = float(input("Enter second number: "))

            if choice == '1':
                print(f"{num1} + {num2} = {add(num1, num2)}")

            elif choice == '2':
                print(f"{num1} - {num2} = {subtract(num1, num2)}")

            elif choice == '3':
                print(f"{num1} * {num2} = {multiply(num1, num2)}")

            elif choice == '4':
                print(f"{num1} / {num2} = {divide(num1, num2)}")
        else:
            print("Invalid Input")

        next_calculation = input("Do you want to perform another calculation? (yes/no): ")
        if next_calculation.lower() != 'yes':
            break

if __name__ == "__main__":
    calculator()
```

Этот код создает простой текстовый калькулятор, который позволяет пользователю выбирать операцию и вводить два числа для выполнения этой операции. Калькулятор будет продолжать работать, пока пользователь не решит завершить программу.
2024-05-30 15:53:53,363 - WARNING - Пользователь 783897764 сделал 2 запрос(ов).
2024-05-30 15:58:04,850 - WARNING - Новый запрос от пользователя: 1299511386 Запрос: Привет
2024-05-30 15:58:04,850 - WARNING - Ответ GPT: Здравствуйте! Как я могу вам помочь сегодня?
2024-05-30 15:58:04,850 - WARNING - Пользователь 1299511386 сделал 1 запрос(ов).
2024-05-30 15:58:20,539 - WARNING - Новый запрос от пользователя: 1299511386 Запрос: Как твои дела
2024-05-30 15:58:20,539 - WARNING - Ответ GPT: Спасибо, у меня всё хорошо! Как я могу помочь вам сегодня?
2024-05-30 15:58:20,539 - WARNING - Пользователь 1299511386 сделал 2 запрос(ов).
2024-05-30 15:58:55,712 - WARNING - Новый запрос от пользователя: 783897764 Запрос: Привет
2024-05-30 15:58:55,712 - WARNING - Ответ GPT: Здравствуйте! Как я могу вам помочь сегодня?
2024-05-30 15:58:55,712 - WARNING - Пользователь 783897764 сделал 3 запрос(ов).
2024-05-30 15:59:13,397 - WARNING - Новый запрос от пользователя: 1299511386 Запрос: Привет
2024-05-30 15:59:17,147 - WARNING - Ответ GPT: Здравствуйте! Как я могу вам помочь сегодня?
2024-05-30 15:59:17,147 - WARNING - Пользователь 1299511386 сделал 1 запрос(ов).
